{
  "stats": {
    "suites": 6,
    "tests": 6,
    "passes": 0,
    "pending": 0,
    "failures": 6,
    "start": "2019-05-13T06:01:57.414Z",
    "end": "2019-05-13T06:01:57.457Z",
    "duration": 43,
    "testsRegistered": 6,
    "passPercent": 0,
    "pendingPercent": 0,
    "other": 0,
    "hasOther": false,
    "skipped": 0,
    "hasSkipped": false,
    "passPercentClass": "danger",
    "pendingPercentClass": "danger"
  },
  "suites": {
    "uuid": "1323754d-0f75-4d4f-9398-8d69590e8c51",
    "title": "",
    "fullFile": "",
    "file": "",
    "beforeHooks": [],
    "afterHooks": [],
    "tests": [],
    "suites": [
      {
        "uuid": "91c7ff23-ce96-4d3d-8eeb-4327cef6074f",
        "title": "@asyncawait GET Request ./get Async Await Style",
        "fullFile": "/Users/hardisantosa/workspace/automation-poc/mocha-chai-poc/tests/async-await-style/api_get_test.js",
        "file": "/tests/async-await-style/api_get_test.js",
        "beforeHooks": [],
        "afterHooks": [],
        "tests": [
          {
            "title": "GET scenario OK aja",
            "fullTitle": "@asyncawait GET Request ./get Async Await Style GET scenario OK aja",
            "timedOut": false,
            "duration": 8,
            "state": "failed",
            "pass": false,
            "fail": true,
            "pending": false,
            "code": "const response = await api.getAPI();\nexpect(response.status).to.equal(cases.scenario.getOK.response);",
            "err": {
              "message": "Error: ECONNREFUSED: Connection refused",
              "estack": "Error: ECONNREFUSED: Connection refused\n    at Test.assert (node_modules/supertest/lib/test.js:165:15)\n    at localAssert (node_modules/supertest/lib/test.js:131:12)\n    at /Users/hardisantosa/workspace/automation-poc/mocha-chai-poc/node_modules/supertest/lib/test.js:128:5\n    at Test.Request.callback (node_modules/superagent/lib/node/index.js:728:3)\n    at ClientRequest.req.once.err (node_modules/superagent/lib/node/index.js:647:10)\n    at Socket.socketErrorListener (_http_client.js:401:9)\n    at emitErrorNT (internal/streams/destroy.js:66:8)\n    at _combinedTickCallback (internal/process/next_tick.js:139:11)\n    at process._tickCallback (internal/process/next_tick.js:181:9)"
            },
            "isRoot": false,
            "uuid": "d9549977-dcdd-4f30-9e2b-03aa118a3c24",
            "isHook": false,
            "skipped": false
          }
        ],
        "suites": [],
        "passes": [],
        "failures": [
          "d9549977-dcdd-4f30-9e2b-03aa118a3c24"
        ],
        "pending": [],
        "skipped": [],
        "duration": 8,
        "root": false,
        "rootEmpty": false,
        "_timeout": 30000
      },
      {
        "uuid": "d7bf219a-05bb-4ae0-a1f2-f6f983097c78",
        "title": "POST request ./post Async Await Style",
        "fullFile": "/Users/hardisantosa/workspace/automation-poc/mocha-chai-poc/tests/async-await-style/api_post_test.js",
        "file": "/tests/async-await-style/api_post_test.js",
        "beforeHooks": [],
        "afterHooks": [],
        "tests": [
          {
            "title": "@asyncawait POST scenario OK aja",
            "fullTitle": "POST request ./post Async Await Style @asyncawait POST scenario OK aja",
            "timedOut": false,
            "duration": 2,
            "state": "failed",
            "pass": false,
            "fail": true,
            "pending": false,
            "code": "const response = await api.postAPI(global.testData);\nexpect(response.status).to.equal(cases.scenario.getOK.response);",
            "err": {
              "message": "Error: ECONNREFUSED: Connection refused",
              "estack": "Error: ECONNREFUSED: Connection refused\n    at Test.assert (node_modules/supertest/lib/test.js:165:15)\n    at localAssert (node_modules/supertest/lib/test.js:131:12)\n    at /Users/hardisantosa/workspace/automation-poc/mocha-chai-poc/node_modules/supertest/lib/test.js:128:5\n    at Test.Request.callback (node_modules/superagent/lib/node/index.js:728:3)\n    at ClientRequest.req.once.err (node_modules/superagent/lib/node/index.js:647:10)\n    at Socket.socketErrorListener (_http_client.js:401:9)\n    at emitErrorNT (internal/streams/destroy.js:66:8)\n    at _combinedTickCallback (internal/process/next_tick.js:139:11)\n    at process._tickCallback (internal/process/next_tick.js:181:9)"
            },
            "isRoot": false,
            "uuid": "0104b034-1b7c-4253-bc4a-b22eabb38d1e",
            "isHook": false,
            "skipped": false
          }
        ],
        "suites": [],
        "passes": [],
        "failures": [
          "0104b034-1b7c-4253-bc4a-b22eabb38d1e"
        ],
        "pending": [],
        "skipped": [],
        "duration": 2,
        "root": false,
        "rootEmpty": false,
        "_timeout": 30000
      },
      {
        "uuid": "a073d60e-347c-44ee-b273-7957527ce2f3",
        "title": "@callback GET Request ./get Callback Style",
        "fullFile": "/Users/hardisantosa/workspace/automation-poc/mocha-chai-poc/tests/callback-style/api_get_test.js",
        "file": "/tests/callback-style/api_get_test.js",
        "beforeHooks": [],
        "afterHooks": [],
        "tests": [
          {
            "title": "GET scenario OK aja",
            "fullTitle": "@callback GET Request ./get Callback Style GET scenario OK aja",
            "timedOut": false,
            "duration": 0,
            "state": "failed",
            "pass": false,
            "fail": true,
            "pending": false,
            "code": "api.getAPI((response) => {\n  console.log(response);\n  expect(response.status).to.equal(cases.scenario.getOK.response);\n  done();\n});",
            "err": {
              "message": "TypeError: Cannot read property 'status' of undefined",
              "estack": "TypeError: Cannot read property 'status' of undefined\n    at api.getAPI (tests/callback-style/api_get_test.js:9:23)\n    at Test.api.get.set.end (page-objects/callback-style/api_get_request.js:14:7)\n    at Test.assert (node_modules/supertest/lib/test.js:181:6)\n    at localAssert (node_modules/supertest/lib/test.js:131:12)\n    at /Users/hardisantosa/workspace/automation-poc/mocha-chai-poc/node_modules/supertest/lib/test.js:128:5\n    at Test.Request.callback (node_modules/superagent/lib/node/index.js:728:3)\n    at ClientRequest.req.once.err (node_modules/superagent/lib/node/index.js:647:10)\n    at Socket.socketErrorListener (_http_client.js:401:9)\n    at emitErrorNT (internal/streams/destroy.js:66:8)\n    at _combinedTickCallback (internal/process/next_tick.js:139:11)\n    at process._tickCallback (internal/process/next_tick.js:181:9)"
            },
            "isRoot": false,
            "uuid": "7fc8e732-a06f-4a9b-82b5-97eec4a9b0d2",
            "isHook": false,
            "skipped": false
          }
        ],
        "suites": [],
        "passes": [],
        "failures": [
          "7fc8e732-a06f-4a9b-82b5-97eec4a9b0d2"
        ],
        "pending": [],
        "skipped": [],
        "duration": null,
        "root": false,
        "rootEmpty": false,
        "_timeout": 30000
      },
      {
        "uuid": "9b789476-4405-49f5-8196-6b85d53b54e3",
        "title": "POST request ./post Callback Style",
        "fullFile": "/Users/hardisantosa/workspace/automation-poc/mocha-chai-poc/tests/callback-style/api_post_test.js",
        "file": "/tests/callback-style/api_post_test.js",
        "beforeHooks": [],
        "afterHooks": [],
        "tests": [
          {
            "title": "@callback POST scenario OK aja",
            "fullTitle": "POST request ./post Callback Style @callback POST scenario OK aja",
            "timedOut": false,
            "duration": 0,
            "state": "failed",
            "pass": false,
            "fail": true,
            "pending": false,
            "code": "api.postAPI(global.testData, (response) => {\n  expect(response.status).to.equal(cases.scenario.getOK.response);\n  done();\n});",
            "err": {
              "message": "TypeError: Cannot read property 'status' of undefined",
              "estack": "TypeError: Cannot read property 'status' of undefined\n    at api.postAPI (tests/callback-style/api_post_test.js:10:23)\n    at Test.api.post.set.send.end (page-objects/callback-style/api_post_request.js:15:7)\n    at Test.assert (node_modules/supertest/lib/test.js:181:6)\n    at localAssert (node_modules/supertest/lib/test.js:131:12)\n    at /Users/hardisantosa/workspace/automation-poc/mocha-chai-poc/node_modules/supertest/lib/test.js:128:5\n    at Test.Request.callback (node_modules/superagent/lib/node/index.js:728:3)\n    at ClientRequest.req.once.err (node_modules/superagent/lib/node/index.js:647:10)\n    at Socket.socketErrorListener (_http_client.js:401:9)\n    at emitErrorNT (internal/streams/destroy.js:66:8)\n    at _combinedTickCallback (internal/process/next_tick.js:139:11)\n    at process._tickCallback (internal/process/next_tick.js:181:9)"
            },
            "isRoot": false,
            "uuid": "ab088106-3809-45f5-a63e-2d886bb711e2",
            "isHook": false,
            "skipped": false
          }
        ],
        "suites": [],
        "passes": [],
        "failures": [
          "ab088106-3809-45f5-a63e-2d886bb711e2"
        ],
        "pending": [],
        "skipped": [],
        "duration": null,
        "root": false,
        "rootEmpty": false,
        "_timeout": 30000
      },
      {
        "uuid": "b2ba65be-2a84-4619-9c2b-4a921fbc6fe6",
        "title": "@promise GET Request ./get Promise Style",
        "fullFile": "/Users/hardisantosa/workspace/automation-poc/mocha-chai-poc/tests/promise-style/api_get_test.js",
        "file": "/tests/promise-style/api_get_test.js",
        "beforeHooks": [],
        "afterHooks": [],
        "tests": [
          {
            "title": "GET scenario OK aja",
            "fullTitle": "@promise GET Request ./get Promise Style GET scenario OK aja",
            "timedOut": false,
            "duration": 5,
            "state": "failed",
            "pass": false,
            "fail": true,
            "pending": false,
            "code": "return api.getAPI()\n  .then((response) => {\n    expect(response.status).to.equal(cases.scenario.getOK.response);\n  })\n  .catch(err => Promise.reject(err));",
            "err": {
              "message": "Error: ECONNREFUSED: Connection refused",
              "estack": "Error: ECONNREFUSED: Connection refused\n    at Test.assert (node_modules/supertest/lib/test.js:165:15)\n    at localAssert (node_modules/supertest/lib/test.js:131:12)\n    at /Users/hardisantosa/workspace/automation-poc/mocha-chai-poc/node_modules/supertest/lib/test.js:128:5\n    at Test.Request.callback (node_modules/superagent/lib/node/index.js:728:3)\n    at ClientRequest.req.once.err (node_modules/superagent/lib/node/index.js:647:10)\n    at Socket.socketErrorListener (_http_client.js:401:9)\n    at emitErrorNT (internal/streams/destroy.js:66:8)\n    at _combinedTickCallback (internal/process/next_tick.js:139:11)\n    at process._tickCallback (internal/process/next_tick.js:181:9)"
            },
            "isRoot": false,
            "uuid": "d84cc49d-9e0a-4e54-98a8-60410058bec2",
            "isHook": false,
            "skipped": false
          }
        ],
        "suites": [],
        "passes": [],
        "failures": [
          "d84cc49d-9e0a-4e54-98a8-60410058bec2"
        ],
        "pending": [],
        "skipped": [],
        "duration": 5,
        "root": false,
        "rootEmpty": false,
        "_timeout": 30000
      },
      {
        "uuid": "8f81760b-279a-49b4-ad3e-cf409a3def79",
        "title": "POST request ./post Promise Style",
        "fullFile": "/Users/hardisantosa/workspace/automation-poc/mocha-chai-poc/tests/promise-style/api_post_test.js",
        "file": "/tests/promise-style/api_post_test.js",
        "beforeHooks": [],
        "afterHooks": [],
        "tests": [
          {
            "title": "@promise POST scenario OK aja",
            "fullTitle": "POST request ./post Promise Style @promise POST scenario OK aja",
            "timedOut": false,
            "duration": 1,
            "state": "failed",
            "pass": false,
            "fail": true,
            "pending": false,
            "code": "return api.postAPI(global.testData)\n  .then((response) => {\n    expect(response.status).to.equal(cases.scenario.getOK.response);\n  })\n  .catch(err => Promise.reject(err));",
            "err": {
              "message": "Error: ECONNREFUSED: Connection refused",
              "estack": "Error: ECONNREFUSED: Connection refused\n    at Test.assert (node_modules/supertest/lib/test.js:165:15)\n    at localAssert (node_modules/supertest/lib/test.js:131:12)\n    at /Users/hardisantosa/workspace/automation-poc/mocha-chai-poc/node_modules/supertest/lib/test.js:128:5\n    at Test.Request.callback (node_modules/superagent/lib/node/index.js:728:3)\n    at ClientRequest.req.once.err (node_modules/superagent/lib/node/index.js:647:10)\n    at Socket.socketErrorListener (_http_client.js:401:9)\n    at emitErrorNT (internal/streams/destroy.js:66:8)\n    at _combinedTickCallback (internal/process/next_tick.js:139:11)\n    at process._tickCallback (internal/process/next_tick.js:181:9)"
            },
            "isRoot": false,
            "uuid": "31db496b-de72-4afc-b5ae-bd432d656146",
            "isHook": false,
            "skipped": false
          }
        ],
        "suites": [],
        "passes": [],
        "failures": [
          "31db496b-de72-4afc-b5ae-bd432d656146"
        ],
        "pending": [],
        "skipped": [],
        "duration": 1,
        "root": false,
        "rootEmpty": false,
        "_timeout": 30000
      }
    ],
    "passes": [],
    "failures": [],
    "pending": [],
    "skipped": [],
    "duration": 0,
    "root": true,
    "rootEmpty": true,
    "_timeout": 30000
  },
  "copyrightYear": 2019
}